2026-05-29T10:31:50.0704111+00:00 ContainerStatus: State: Starting, Action: EstablishingSiteNetworks, LastError: , LastErrorTimestamp: 01/01/0001 00:00:00, LastErrorDetails: , Details: , DetailsLevel: INFO
2026-05-29T10:31:53.5792720+00:00 ContainerStatus: State: Starting, Action: StartingSiteContainers, LastError: , LastErrorTimestamp: 01/01/0001 00:00:00, LastErrorDetails: , Details: , DetailsLevel: INFO
2026-05-29T10:31:53.5814867+00:00 ContainerStatus: Container start method called.
2026-05-29T10:31:53.6086609+00:00 ContainerStatus: State: Starting, Action: PullingImage, LastError: , LastErrorTimestamp: 01/01/0001 00:00:00, LastErrorDetails: , Details: Pulling image lotliteappacr.azurecr.io/lotlite-frontend:latest for lotlite_main., DetailsLevel: INFO
2026-05-29T10:31:53.6184021+00:00 ContainerStatus: Establishing network.
2026-05-29T10:31:53.6198958+00:00 ContainerStatus: Pulling image: lotliteappacr.azurecr.io/lotlite-frontend:latest.
2026-05-29T10:32:11.8200724+00:00 ContainerStatus: Image lotliteappacr.azurecr.io/lotlite-frontend:latest is pulled from registry lotliteappacr.azurecr.io
2026-05-29T10:32:11.8204053+00:00 ContainerStatus: Container is starting.
2026-05-29T10:32:11.8290640+00:00 ContainerStatus: State: Starting, Action: MountingVolumes, LastError: , LastErrorTimestamp: 01/01/0001 00:00:00, LastErrorDetails: , Details: Mounting volumes for lotlite_main., DetailsLevel: INFO
2026-05-29T10:32:11.8293065+00:00 ContainerStatus: Establishing user namespace if not established already.
2026-05-29T10:32:11.8299130+00:00 ContainerStatus: Establishing network if not established already.
2026-05-29T10:32:11.8462165+00:00 ContainerStatus: Mounting volumes.
2026-05-29T10:32:11.8467741+00:00 ContainerStatus: Nested mountpoint volatile/logs
2026-05-29T10:32:11.8691740+00:00 ContainerStatus: Nested mountpoint 
2026-05-29T10:32:11.9161398+00:00 ContainerStatus: Nested mountpoint 
2026-05-29T10:32:12.2643720+00:00 ContainerStatus: State: Starting, Action: CreatingContainer, LastError: , LastErrorTimestamp: 01/01/0001 00:00:00, LastErrorDetails: , Details: Finished pulling container image and mounting volumes for lotlite_main. Allocatinng the rest of the container resources to finish container creation., DetailsLevel: INFO
2026-05-29T10:32:12.2651296+00:00 ContainerStatus: Creating container.
2026-05-29T10:32:12.2657043+00:00 ContainerStatus: Creating pipes for streaming container io.
2026-05-29T10:32:12.2660062+00:00 ContainerStatus: Creating stdout named pipe at /podr/container/pipe/99d64649495a_lotlite_main/stdout_2b378b3f5d46404bb942a64da4343e26.
2026-05-29T10:32:12.2733256+00:00 ContainerStatus: Successfully created stdout named pipe at: /podr/container/pipe/99d64649495a_lotlite_main/stdout_2b378b3f5d46404bb942a64da4343e26.
2026-05-29T10:32:12.2734955+00:00 ContainerStatus: Opening named pipe /podr/container/pipe/99d64649495a_lotlite_main/stdout_2b378b3f5d46404bb942a64da4343e26 for reading in non-blocking mode.
2026-05-29T10:32:12.2736571+00:00 ContainerStatus: Successfully opened named pipe: /podr/container/pipe/99d64649495a_lotlite_main/stdout_2b378b3f5d46404bb942a64da4343e26.
2026-05-29T10:32:12.2737643+00:00 ContainerStatus: Successfully removed non-blocking flag from /podr/container/pipe/99d64649495a_lotlite_main/stdout_2b378b3f5d46404bb942a64da4343e26.
2026-05-29T10:32:12.3052433+00:00 ContainerStatus: Creating stderr named pipe at /podr/container/pipe/99d64649495a_lotlite_main/stderr_95b4e5c90a50471fb92dac67b578daf0.
2026-05-29T10:32:12.3155092+00:00 ContainerStatus: Successfully created stderr named pipe at: /podr/container/pipe/99d64649495a_lotlite_main/stderr_95b4e5c90a50471fb92dac67b578daf0.
2026-05-29T10:32:12.3157354+00:00 ContainerStatus: Opening named pipe /podr/container/pipe/99d64649495a_lotlite_main/stderr_95b4e5c90a50471fb92dac67b578daf0 for reading in non-blocking mode.
2026-05-29T10:32:12.3159275+00:00 ContainerStatus: Successfully opened named pipe: /podr/container/pipe/99d64649495a_lotlite_main/stderr_95b4e5c90a50471fb92dac67b578daf0.
2026-05-29T10:32:12.3626295+00:00 ContainerStatus: Successfully removed non-blocking flag from /podr/container/pipe/99d64649495a_lotlite_main/stderr_95b4e5c90a50471fb92dac67b578daf0.
2026-05-29T10:32:12.3633688+00:00 ContainerStatus: Creating container with image: lotliteappacr.azurecr.io/lotlite-frontend:latest from registry: lotliteappacr.azurecr.io and fully qualified image name: lotliteappacr.azurecr.io/lotlite-frontend:latest
2026-05-29T10:32:13.6646325+00:00 ContainerStatus: Starting container: 99d64649495a_lotlite_main.
2026-05-29T10:32:14.1980555+00:00 ContainerStatus: Starting watchers and probes.
2026-05-29T10:32:14.2732417+00:00 ContainerStatus: Starting metrics collection.
2026-05-29T10:32:14.2742350+00:00 ContainerStatus: Container is running.
2026-05-29T10:32:14.2743583+00:00 ContainerStatus: State: Starting, Action: CreatingContainer, LastError: , LastErrorTimestamp: 01/01/0001 00:00:00, LastErrorDetails: , Details: Container lotlite_main successfully created and is running., DetailsLevel: INFO
2026-05-29T10:32:14.7654216+00:00 ContainerStatus: Container start method finished after 21182 ms.
2026-05-29T10:32:15.0957761+00:00 ContainerStatus: State: Starting, Action: InitiatingSiteWarmUpProbe, LastError: , LastErrorTimestamp: 01/01/0001 00:00:00, LastErrorDetails: , Details: Container lotlite_main successfully created and is running., DetailsLevel: INFO
2026-05-29T10:32:15.1835147+00:00 ContainerStatus: State: Starting, Action: WaitingForSiteWarmUpProbeSuccess, LastError: , LastErrorTimestamp: 01/01/0001 00:00:00, LastErrorDetails: , Details: Pinging warmup path to ensure container is ready to receive requests., DetailsLevel: INFO
2026-05-29T10:32:18.3528484+00:00 ContainerStream: ▲ Next.js 16.2.6
2026-05-29T10:32:18.5285100+00:00 ContainerStream: - Local:         http://localhost:3000
2026-05-29T10:32:18.5285741+00:00 ContainerStream: - Network:       http://0.0.0.0:3000
2026-05-29T10:32:18.5285836+00:00 ContainerStream: ✓ Ready in 0ms
2026-05-29T10:32:21.4825346+00:00 ContainerStatus: Site startup probe succeeded after 6.0608437 seconds.
2026-05-29T10:32:22.2795355+00:00 ContainerStatus: State: Starting, Action: WarmUpProbeSucceeded, LastError: , LastErrorTimestamp: 01/01/0001 00:00:00, LastErrorDetails: , Details: Site startup probe succeeded after 6.0608437 seconds., DetailsLevel: INFO
2026-05-29T10:32:23.9777995+00:00 ContainerStatus: Site started.
2026-05-29T10:32:23.9796641+00:00 ContainerStatus: State: Started, Action: None, LastError: , LastErrorTimestamp: 01/01/0001 00:00:00, LastErrorDetails: , Details: Site started at 05/29/2026 10:32:23 (UTC), DetailsLevel: INFO
========== New Cold Start Attempt (2026-05-29T10:33:28.1829890+00:00) ==========
2026-05-29T10:33:28.1829890+00:00 ContainerStatus: State: Starting, Action: EstablishingSiteNetworks, LastError: , LastErrorTimestamp: 01/01/0001 00:00:00, LastErrorDetails: , Details: , DetailsLevel: INFO
2026-05-29T10:33:31.4499326+00:00 ContainerStatus: State: Starting, Action: StartingSiteContainers, LastError: , LastErrorTimestamp: 01/01/0001 00:00:00, LastErrorDetails: , Details: , DetailsLevel: INFO
2026-05-29T10:33:31.4501513+00:00 ContainerStatus: Container start method called.
2026-05-29T10:33:31.4502234+00:00 ContainerStatus: State: Starting, Action: PullingImage, LastError: , LastErrorTimestamp: 01/01/0001 00:00:00, LastErrorDetails: , Details: Pulling image lotliteappacr.azurecr.io/lotlite-frontend:latest for lotlite_main., DetailsLevel: INFO
2026-05-29T10:33:31.4503380+00:00 ContainerStatus: Establishing network.
2026-05-29T10:33:31.4504631+00:00 ContainerStatus: Pulling image: lotliteappacr.azurecr.io/lotlite-frontend:latest.
2026-05-29T10:33:32.7783945+00:00 ContainerStatus: Container is starting.
2026-05-29T10:33:32.7785802+00:00 ContainerStatus: State: Starting, Action: MountingVolumes, LastError: , LastErrorTimestamp: 01/01/0001 00:00:00, LastErrorDetails: , Details: Mounting volumes for lotlite_main., DetailsLevel: INFO
2026-05-29T10:33:32.7787581+00:00 ContainerStatus: Establishing user namespace if not established already.
2026-05-29T10:33:32.7789335+00:00 ContainerStatus: Establishing network if not established already.
2026-05-29T10:33:32.7811030+00:00 ContainerStatus: Mounting volumes.
2026-05-29T10:33:32.8301198+00:00 ContainerStatus: Nested mountpoint volatile/logs
2026-05-29T10:33:32.8884741+00:00 ContainerStatus: Nested mountpoint 
2026-05-29T10:33:32.9902457+00:00 ContainerStatus: Nested mountpoint 
2026-05-29T10:33:33.2441688+00:00 ContainerStatus: State: Starting, Action: CreatingContainer, LastError: , LastErrorTimestamp: 01/01/0001 00:00:00, LastErrorDetails: , Details: Finished pulling container image and mounting volumes for lotlite_main. Allocatinng the rest of the container resources to finish container creation., DetailsLevel: INFO
2026-05-29T10:33:33.2446152+00:00 ContainerStatus: Creating container.
2026-05-29T10:33:33.2601191+00:00 ContainerStatus: Creating pipes for streaming container io.
2026-05-29T10:33:33.2641378+00:00 ContainerStatus: Creating stdout named pipe at /podr/container/pipe/3422acf3c4b1_lotlite_main/stdout_4dc9133eae364d9e9e29b09b073f8d32.
2026-05-29T10:33:33.2644260+00:00 ContainerStatus: Successfully created stdout named pipe at: /podr/container/pipe/3422acf3c4b1_lotlite_main/stdout_4dc9133eae364d9e9e29b09b073f8d32.
2026-05-29T10:33:33.2938288+00:00 ContainerStatus: Opening named pipe /podr/container/pipe/3422acf3c4b1_lotlite_main/stdout_4dc9133eae364d9e9e29b09b073f8d32 for reading in non-blocking mode.
2026-05-29T10:33:33.2941003+00:00 ContainerStatus: Successfully opened named pipe: /podr/container/pipe/3422acf3c4b1_lotlite_main/stdout_4dc9133eae364d9e9e29b09b073f8d32.
2026-05-29T10:33:33.3120036+00:00 ContainerStatus: Successfully removed non-blocking flag from /podr/container/pipe/3422acf3c4b1_lotlite_main/stdout_4dc9133eae364d9e9e29b09b073f8d32.
2026-05-29T10:33:33.3311229+00:00 ContainerStatus: Creating stderr named pipe at /podr/container/pipe/3422acf3c4b1_lotlite_main/stderr_ddc756d701b54568acac4651f32206c2.
2026-05-29T10:33:33.3329518+00:00 ContainerStatus: Successfully created stderr named pipe at: /podr/container/pipe/3422acf3c4b1_lotlite_main/stderr_ddc756d701b54568acac4651f32206c2.
2026-05-29T10:33:33.3898673+00:00 ContainerStatus: Opening named pipe /podr/container/pipe/3422acf3c4b1_lotlite_main/stderr_ddc756d701b54568acac4651f32206c2 for reading in non-blocking mode.
2026-05-29T10:33:33.3905840+00:00 ContainerStatus: Successfully opened named pipe: /podr/container/pipe/3422acf3c4b1_lotlite_main/stderr_ddc756d701b54568acac4651f32206c2.
2026-05-29T10:33:33.3915694+00:00 ContainerStatus: Successfully removed non-blocking flag from /podr/container/pipe/3422acf3c4b1_lotlite_main/stderr_ddc756d701b54568acac4651f32206c2.
2026-05-29T10:33:33.3921726+00:00 ContainerStatus: Creating container with image: lotliteappacr.azurecr.io/lotlite-frontend:latest from registry: lotliteappacr.azurecr.io and fully qualified image name: lotliteappacr.azurecr.io/lotlite-frontend:latest
2026-05-29T10:33:35.0146833+00:00 ContainerStatus: Starting container: 3422acf3c4b1_lotlite_main.
2026-05-29T10:33:35.3458056+00:00 ContainerStatus: Starting watchers and probes.
2026-05-29T10:33:35.3531552+00:00 ContainerStatus: Starting metrics collection.
2026-05-29T10:33:35.3642032+00:00 ContainerStatus: Container is running.
2026-05-29T10:33:35.3751029+00:00 ContainerStatus: State: Starting, Action: CreatingContainer, LastError: , LastErrorTimestamp: 01/01/0001 00:00:00, LastErrorDetails: , Details: Container lotlite_main successfully created and is running., DetailsLevel: INFO
2026-05-29T10:33:35.7984159+00:00 ContainerStatus: Container start method finished after 4348 ms.
2026-05-29T10:33:35.7991247+00:00 ContainerStatus: State: Starting, Action: InitiatingSiteWarmUpProbe, LastError: , LastErrorTimestamp: 01/01/0001 00:00:00, LastErrorDetails: , Details: Container lotlite_main successfully created and is running., DetailsLevel: INFO
2026-05-29T10:33:35.7991582+00:00 ContainerStatus: State: Starting, Action: WaitingForSiteWarmUpProbeSuccess, LastError: , LastErrorTimestamp: 01/01/0001 00:00:00, LastErrorDetails: , Details: Pinging warmup path to ensure container is ready to receive requests., DetailsLevel: INFO
2026-05-29T10:33:39.4874024+00:00 ContainerStream: ▲ Next.js 16.2.6
2026-05-29T10:33:39.4876278+00:00 ContainerStream: - Local:         http://localhost:3000
2026-05-29T10:33:39.4876394+00:00 ContainerStream: - Network:       http://0.0.0.0:3000
2026-05-29T10:33:39.4876435+00:00 ContainerStream: ✓ Ready in 0ms
2026-05-29T10:33:41.8271037+00:00 ContainerStatus: Site startup probe succeeded after 5.9298166 seconds.
2026-05-29T10:33:42.6267261+00:00 ContainerStatus: State: Starting, Action: WarmUpProbeSucceeded, LastError: , LastErrorTimestamp: 01/01/0001 00:00:00, LastErrorDetails: , Details: Site startup probe succeeded after 5.9298166 seconds., DetailsLevel: INFO
2026-05-29T10:33:43.3435251+00:00 ContainerStatus: Site started.
2026-05-29T10:33:43.3449226+00:00 ContainerStatus: State: Started, Action: None, LastError: , LastErrorTimestamp: 01/01/0001 00:00:00, LastErrorDetails: , Details: Site started at 05/29/2026 10:33:43 (UTC), DetailsLevel: INFO
========== New Cold Start Attempt (2026-05-29T10:34:03.6938428+00:00) ==========
2026-05-29T10:34:03.6938428+00:00 ContainerStatus: State: Stopping, Action: StoppingSite, LastError: , LastErrorTimestamp: 01/01/0001 00:00:00, LastErrorDetails: , Details: Site started at 05/29/2026 10:32:23 (UTC), DetailsLevel: INFO
2026-05-29T10:34:03.7622112+00:00 ContainerStatus: State: Stopping, Action: StoppingSiteContainers, LastError: , LastErrorTimestamp: 01/01/0001 00:00:00, LastErrorDetails: , Details: Site started at 05/29/2026 10:32:23 (UTC), DetailsLevel: INFO
2026-05-29T10:34:03.7927727+00:00 ContainerStatus: Container is terminating. Grace period: 5 seconds.
2026-05-29T10:34:03.9396324+00:00 ContainerStatus: Stop and delete container. Retry count = 0
2026-05-29T10:34:03.9607223+00:00 ContainerStatus: Stopping container: 99d64649495a_lotlite_main.
2026-05-29T10:34:04.5074995+00:00 ContainerStatus: Deleting container: 99d64649495a_lotlite_main. Retry count = 0
2026-05-29T10:34:05.0851615+00:00 ContainerStatus: Container spec TerminationMessagePolicy  path 
2026-05-29T10:34:05.0988120+00:00 ContainerStatus: Container is terminated. Total time elapsed: 1293 ms.
2026-05-29T10:34:05.1247652+00:00 ContainerStatus: Site: lotlite stopped.
2026-05-29T10:58:27.5426430+00:00 ContainerStatus: State: Starting, Action: EstablishingSiteNetworks, LastError: , LastErrorTimestamp: 01/01/0001 00:00:00, LastErrorDetails: , Details: , DetailsLevel: INFO
2026-05-29T10:58:31.1363538+00:00 ContainerStatus: State: Starting, Action: StartingSiteContainers, LastError: , LastErrorTimestamp: 01/01/0001 00:00:00, LastErrorDetails: , Details: , DetailsLevel: INFO
2026-05-29T10:58:31.1532031+00:00 ContainerStatus: Container start method called.
2026-05-29T10:58:31.1535284+00:00 ContainerStatus: State: Starting, Action: PullingImage, LastError: , LastErrorTimestamp: 01/01/0001 00:00:00, LastErrorDetails: , Details: Pulling image lotliteappacr.azurecr.io/lotlite-frontend:latest for lotlite_main., DetailsLevel: INFO
2026-05-29T10:58:31.1539717+00:00 ContainerStatus: Establishing network.
2026-05-29T10:58:31.1542124+00:00 ContainerStatus: Pulling image: lotliteappacr.azurecr.io/lotlite-frontend:latest.
2026-05-29T10:58:43.7258930+00:00 ContainerStatus: Image lotliteappacr.azurecr.io/lotlite-frontend:latest is pulled from registry lotliteappacr.azurecr.io
2026-05-29T10:58:43.8627551+00:00 ContainerStatus: Container is starting.
2026-05-29T10:58:43.8639792+00:00 ContainerStatus: State: Starting, Action: MountingVolumes, LastError: , LastErrorTimestamp: 01/01/0001 00:00:00, LastErrorDetails: , Details: Mounting volumes for lotlite_main., DetailsLevel: INFO
2026-05-29T10:58:43.8641958+00:00 ContainerStatus: Establishing user namespace if not established already.
2026-05-29T10:58:43.8649194+00:00 ContainerStatus: Establishing network if not established already.
2026-05-29T10:58:43.8651709+00:00 ContainerStatus: Mounting volumes.
2026-05-29T10:58:43.9510985+00:00 ContainerStatus: Nested mountpoint volatile/logs
2026-05-29T10:58:44.0020316+00:00 ContainerStatus: Nested mountpoint 
2026-05-29T10:58:44.0503685+00:00 ContainerStatus: Nested mountpoint 
2026-05-29T10:58:44.3665674+00:00 ContainerStatus: State: Starting, Action: CreatingContainer, LastError: , LastErrorTimestamp: 01/01/0001 00:00:00, LastErrorDetails: , Details: Finished pulling container image and mounting volumes for lotlite_main. Allocatinng the rest of the container resources to finish container creation., DetailsLevel: INFO
2026-05-29T10:58:44.3667608+00:00 ContainerStatus: Creating container.
2026-05-29T10:58:44.3671322+00:00 ContainerStatus: Creating pipes for streaming container io.
2026-05-29T10:58:44.4281587+00:00 ContainerStatus: Creating stdout named pipe at /podr/container/pipe/7806c8a390e4_lotlite_main/stdout_ffb3c788c8e84695afab5324b9d6fcde.
2026-05-29T10:58:44.5249291+00:00 ContainerStatus: Successfully created stdout named pipe at: /podr/container/pipe/7806c8a390e4_lotlite_main/stdout_ffb3c788c8e84695afab5324b9d6fcde.
2026-05-29T10:58:44.5251212+00:00 ContainerStatus: Opening named pipe /podr/container/pipe/7806c8a390e4_lotlite_main/stdout_ffb3c788c8e84695afab5324b9d6fcde for reading in non-blocking mode.
2026-05-29T10:58:44.5260596+00:00 ContainerStatus: Successfully opened named pipe: /podr/container/pipe/7806c8a390e4_lotlite_main/stdout_ffb3c788c8e84695afab5324b9d6fcde.
2026-05-29T10:58:44.5262116+00:00 ContainerStatus: Successfully removed non-blocking flag from /podr/container/pipe/7806c8a390e4_lotlite_main/stdout_ffb3c788c8e84695afab5324b9d6fcde.
2026-05-29T10:58:44.5265954+00:00 ContainerStatus: Creating stderr named pipe at /podr/container/pipe/7806c8a390e4_lotlite_main/stderr_04db33e0a430493d96b9404e1ab900cd.
2026-05-29T10:58:44.5368917+00:00 ContainerStatus: Successfully created stderr named pipe at: /podr/container/pipe/7806c8a390e4_lotlite_main/stderr_04db33e0a430493d96b9404e1ab900cd.
2026-05-29T10:58:44.5370322+00:00 ContainerStatus: Opening named pipe /podr/container/pipe/7806c8a390e4_lotlite_main/stderr_04db33e0a430493d96b9404e1ab900cd for reading in non-blocking mode.
2026-05-29T10:58:44.5371748+00:00 ContainerStatus: Successfully opened named pipe: /podr/container/pipe/7806c8a390e4_lotlite_main/stderr_04db33e0a430493d96b9404e1ab900cd.
2026-05-29T10:58:44.5373006+00:00 ContainerStatus: Successfully removed non-blocking flag from /podr/container/pipe/7806c8a390e4_lotlite_main/stderr_04db33e0a430493d96b9404e1ab900cd.
2026-05-29T10:58:44.5375250+00:00 ContainerStatus: Creating container with image: lotliteappacr.azurecr.io/lotlite-frontend:latest from registry: lotliteappacr.azurecr.io and fully qualified image name: lotliteappacr.azurecr.io/lotlite-frontend:latest
2026-05-29T10:58:46.0019759+00:00 ContainerStatus: Starting container: 7806c8a390e4_lotlite_main.
2026-05-29T10:58:46.2030408+00:00 ContainerStatus: Starting watchers and probes.
2026-05-29T10:58:46.2135959+00:00 ContainerStatus: Starting metrics collection.
2026-05-29T10:58:46.2145198+00:00 ContainerStatus: Container is running.
2026-05-29T10:58:46.2146831+00:00 ContainerStatus: State: Starting, Action: CreatingContainer, LastError: , LastErrorTimestamp: 01/01/0001 00:00:00, LastErrorDetails: , Details: Container lotlite_main successfully created and is running., DetailsLevel: INFO
2026-05-29T10:58:46.4507000+00:00 ContainerStatus: Container start method finished after 15251 ms.
2026-05-29T10:58:46.5479094+00:00 ContainerStatus: State: Starting, Action: InitiatingSiteWarmUpProbe, LastError: , LastErrorTimestamp: 01/01/0001 00:00:00, LastErrorDetails: , Details: Container lotlite_main successfully created and is running., DetailsLevel: INFO
2026-05-29T10:58:46.5490294+00:00 ContainerStatus: State: Starting, Action: WaitingForSiteWarmUpProbeSuccess, LastError: , LastErrorTimestamp: 01/01/0001 00:00:00, LastErrorDetails: , Details: Pinging warmup path to ensure container is ready to receive requests., DetailsLevel: INFO
2026-05-29T10:58:50.4695720+00:00 ContainerStream: ▲ Next.js 16.2.6
2026-05-29T10:58:50.4698146+00:00 ContainerStream: - Local:         http://localhost:3000
2026-05-29T10:58:50.4698226+00:00 ContainerStream: - Network:       http://0.0.0.0:3000
2026-05-29T10:58:50.4698254+00:00 ContainerStream: ✓ Ready in 0ms
2026-05-29T10:58:52.9166560+00:00 ContainerStatus: Site startup probe succeeded after 6.2370002 seconds.
2026-05-29T10:58:53.2803427+00:00 ContainerStatus: State: Starting, Action: WarmUpProbeSucceeded, LastError: , LastErrorTimestamp: 01/01/0001 00:00:00, LastErrorDetails: , Details: Site startup probe succeeded after 6.2370002 seconds., DetailsLevel: INFO
2026-05-29T10:58:54.1219314+00:00 ContainerStatus: Site started.
2026-05-29T10:58:54.1277570+00:00 ContainerStatus: State: Started, Action: None, LastError: , LastErrorTimestamp: 01/01/0001 00:00:00, LastErrorDetails: , Details: Site started at 05/29/2026 10:58:54 (UTC), DetailsLevel: INFO
