2026-05-29T10:31:50.0704111Z State: Starting, Action: EstablishingSiteNetworks, LastError: , LastErrorTimestamp: 01/01/0001 00:00:00, LastErrorDetails: , Details: , DetailsLevel: INFO
2026-05-29T10:31:53.5792720Z State: Starting, Action: StartingSiteContainers, LastError: , LastErrorTimestamp: 01/01/0001 00:00:00, LastErrorDetails: , Details: , DetailsLevel: INFO
2026-05-29T10:31:53.5814867Z Container start method called.
2026-05-29T10:31:53.6086609Z State: Starting, Action: PullingImage, LastError: , LastErrorTimestamp: 01/01/0001 00:00:00, LastErrorDetails: , Details: Pulling image lotliteappacr.azurecr.io/lotlite-frontend:latest for lotlite_main., DetailsLevel: INFO
2026-05-29T10:31:53.6184021Z Establishing network.
2026-05-29T10:31:53.6198958Z Pulling image: lotliteappacr.azurecr.io/lotlite-frontend:latest.
2026-05-29T10:32:11.8200724Z Image lotliteappacr.azurecr.io/lotlite-frontend:latest is pulled from registry lotliteappacr.azurecr.io
2026-05-29T10:32:11.8204053Z Container is starting.
2026-05-29T10:32:11.8290640Z State: Starting, Action: MountingVolumes, LastError: , LastErrorTimestamp: 01/01/0001 00:00:00, LastErrorDetails: , Details: Mounting volumes for lotlite_main., DetailsLevel: INFO
2026-05-29T10:32:11.8293065Z Establishing user namespace if not established already.
2026-05-29T10:32:11.8299130Z Establishing network if not established already.
2026-05-29T10:32:11.8462165Z Mounting volumes.
2026-05-29T10:32:11.8467741Z Nested mountpoint volatile/logs
2026-05-29T10:32:11.8691740Z Nested mountpoint 
2026-05-29T10:32:11.9161398Z Nested mountpoint 
2026-05-29T10:32:12.2643720Z State: Starting, Action: CreatingContainer, LastError: , LastErrorTimestamp: 01/01/0001 00:00:00, LastErrorDetails: , Details: Finished pulling container image and mounting volumes for lotlite_main. Allocatinng the rest of the container resources to finish container creation., DetailsLevel: INFO
2026-05-29T10:32:12.2651296Z Creating container.
2026-05-29T10:32:12.2657043Z Creating pipes for streaming container io.
2026-05-29T10:32:12.2660062Z Creating stdout named pipe at /podr/container/pipe/99d64649495a_lotlite_main/stdout_2b378b3f5d46404bb942a64da4343e26.
2026-05-29T10:32:12.2733256Z Successfully created stdout named pipe at: /podr/container/pipe/99d64649495a_lotlite_main/stdout_2b378b3f5d46404bb942a64da4343e26.
2026-05-29T10:32:12.2734955Z Opening named pipe /podr/container/pipe/99d64649495a_lotlite_main/stdout_2b378b3f5d46404bb942a64da4343e26 for reading in non-blocking mode.
2026-05-29T10:32:12.2736571Z Successfully opened named pipe: /podr/container/pipe/99d64649495a_lotlite_main/stdout_2b378b3f5d46404bb942a64da4343e26.
2026-05-29T10:32:12.2737643Z Successfully removed non-blocking flag from /podr/container/pipe/99d64649495a_lotlite_main/stdout_2b378b3f5d46404bb942a64da4343e26.
2026-05-29T10:32:12.3052433Z Creating stderr named pipe at /podr/container/pipe/99d64649495a_lotlite_main/stderr_95b4e5c90a50471fb92dac67b578daf0.
2026-05-29T10:32:12.3155092Z Successfully created stderr named pipe at: /podr/container/pipe/99d64649495a_lotlite_main/stderr_95b4e5c90a50471fb92dac67b578daf0.
2026-05-29T10:32:12.3157354Z Opening named pipe /podr/container/pipe/99d64649495a_lotlite_main/stderr_95b4e5c90a50471fb92dac67b578daf0 for reading in non-blocking mode.
2026-05-29T10:32:12.3159275Z Successfully opened named pipe: /podr/container/pipe/99d64649495a_lotlite_main/stderr_95b4e5c90a50471fb92dac67b578daf0.
2026-05-29T10:32:12.3626295Z Successfully removed non-blocking flag from /podr/container/pipe/99d64649495a_lotlite_main/stderr_95b4e5c90a50471fb92dac67b578daf0.
2026-05-29T10:32:12.3633688Z Creating container with image: lotliteappacr.azurecr.io/lotlite-frontend:latest from registry: lotliteappacr.azurecr.io and fully qualified image name: lotliteappacr.azurecr.io/lotlite-frontend:latest
2026-05-29T10:32:13.6646325Z Starting container: 99d64649495a_lotlite_main.
2026-05-29T10:32:14.1980555Z Starting watchers and probes.
2026-05-29T10:32:14.2732417Z Starting metrics collection.
2026-05-29T10:32:14.2742350Z Container is running.
2026-05-29T10:32:14.2743583Z State: Starting, Action: CreatingContainer, LastError: , LastErrorTimestamp: 01/01/0001 00:00:00, LastErrorDetails: , Details: Container lotlite_main successfully created and is running., DetailsLevel: INFO
2026-05-29T10:32:14.7654216Z Container start method finished after 21182 ms.
2026-05-29T10:32:15.0957761Z State: Starting, Action: InitiatingSiteWarmUpProbe, LastError: , LastErrorTimestamp: 01/01/0001 00:00:00, LastErrorDetails: , Details: Container lotlite_main successfully created and is running., DetailsLevel: INFO
2026-05-29T10:32:15.1835147Z State: Starting, Action: WaitingForSiteWarmUpProbeSuccess, LastError: , LastErrorTimestamp: 01/01/0001 00:00:00, LastErrorDetails: , Details: Pinging warmup path to ensure container is ready to receive requests., DetailsLevel: INFO
2026-05-29T10:32:21.4825346Z Site startup probe succeeded after 6.0608437 seconds.
2026-05-29T10:32:22.2795355Z State: Starting, Action: WarmUpProbeSucceeded, LastError: , LastErrorTimestamp: 01/01/0001 00:00:00, LastErrorDetails: , Details: Site startup probe succeeded after 6.0608437 seconds., DetailsLevel: INFO
2026-05-29T10:32:23.9777995Z Site started.
2026-05-29T10:32:23.9796641Z State: Started, Action: None, LastError: , LastErrorTimestamp: 01/01/0001 00:00:00, LastErrorDetails: , Details: Site started at 05/29/2026 10:32:23 (UTC), DetailsLevel: INFO
2026-05-29T10:33:28.1829890Z State: Starting, Action: EstablishingSiteNetworks, LastError: , LastErrorTimestamp: 01/01/0001 00:00:00, LastErrorDetails: , Details: , DetailsLevel: INFO
2026-05-29T10:33:31.4499326Z State: Starting, Action: StartingSiteContainers, LastError: , LastErrorTimestamp: 01/01/0001 00:00:00, LastErrorDetails: , Details: , DetailsLevel: INFO
2026-05-29T10:33:31.4501513Z Container start method called.
2026-05-29T10:33:31.4502234Z State: Starting, Action: PullingImage, LastError: , LastErrorTimestamp: 01/01/0001 00:00:00, LastErrorDetails: , Details: Pulling image lotliteappacr.azurecr.io/lotlite-frontend:latest for lotlite_main., DetailsLevel: INFO
2026-05-29T10:33:31.4503380Z Establishing network.
2026-05-29T10:33:31.4504631Z Pulling image: lotliteappacr.azurecr.io/lotlite-frontend:latest.
2026-05-29T10:33:32.7783945Z Container is starting.
2026-05-29T10:33:32.7785802Z State: Starting, Action: MountingVolumes, LastError: , LastErrorTimestamp: 01/01/0001 00:00:00, LastErrorDetails: , Details: Mounting volumes for lotlite_main., DetailsLevel: INFO
2026-05-29T10:33:32.7787581Z Establishing user namespace if not established already.
2026-05-29T10:33:32.7789335Z Establishing network if not established already.
2026-05-29T10:33:32.7811030Z Mounting volumes.
2026-05-29T10:33:32.8301198Z Nested mountpoint volatile/logs
2026-05-29T10:33:32.8884741Z Nested mountpoint 
2026-05-29T10:33:32.9902457Z Nested mountpoint 
2026-05-29T10:33:33.2441688Z State: Starting, Action: CreatingContainer, LastError: , LastErrorTimestamp: 01/01/0001 00:00:00, LastErrorDetails: , Details: Finished pulling container image and mounting volumes for lotlite_main. Allocatinng the rest of the container resources to finish container creation., DetailsLevel: INFO
2026-05-29T10:33:33.2446152Z Creating container.
2026-05-29T10:33:33.2601191Z Creating pipes for streaming container io.
2026-05-29T10:33:33.2641378Z Creating stdout named pipe at /podr/container/pipe/3422acf3c4b1_lotlite_main/stdout_4dc9133eae364d9e9e29b09b073f8d32.
2026-05-29T10:33:33.2644260Z Successfully created stdout named pipe at: /podr/container/pipe/3422acf3c4b1_lotlite_main/stdout_4dc9133eae364d9e9e29b09b073f8d32.
2026-05-29T10:33:33.2938288Z Opening named pipe /podr/container/pipe/3422acf3c4b1_lotlite_main/stdout_4dc9133eae364d9e9e29b09b073f8d32 for reading in non-blocking mode.
2026-05-29T10:33:33.2941003Z Successfully opened named pipe: /podr/container/pipe/3422acf3c4b1_lotlite_main/stdout_4dc9133eae364d9e9e29b09b073f8d32.
2026-05-29T10:33:33.3120036Z Successfully removed non-blocking flag from /podr/container/pipe/3422acf3c4b1_lotlite_main/stdout_4dc9133eae364d9e9e29b09b073f8d32.
2026-05-29T10:33:33.3311229Z Creating stderr named pipe at /podr/container/pipe/3422acf3c4b1_lotlite_main/stderr_ddc756d701b54568acac4651f32206c2.
2026-05-29T10:33:33.3329518Z Successfully created stderr named pipe at: /podr/container/pipe/3422acf3c4b1_lotlite_main/stderr_ddc756d701b54568acac4651f32206c2.
2026-05-29T10:33:33.3898673Z Opening named pipe /podr/container/pipe/3422acf3c4b1_lotlite_main/stderr_ddc756d701b54568acac4651f32206c2 for reading in non-blocking mode.
2026-05-29T10:33:33.3905840Z Successfully opened named pipe: /podr/container/pipe/3422acf3c4b1_lotlite_main/stderr_ddc756d701b54568acac4651f32206c2.
2026-05-29T10:33:33.3915694Z Successfully removed non-blocking flag from /podr/container/pipe/3422acf3c4b1_lotlite_main/stderr_ddc756d701b54568acac4651f32206c2.
2026-05-29T10:33:33.3921726Z Creating container with image: lotliteappacr.azurecr.io/lotlite-frontend:latest from registry: lotliteappacr.azurecr.io and fully qualified image name: lotliteappacr.azurecr.io/lotlite-frontend:latest
2026-05-29T10:33:35.0146833Z Starting container: 3422acf3c4b1_lotlite_main.
2026-05-29T10:33:35.3458056Z Starting watchers and probes.
2026-05-29T10:33:35.3531552Z Starting metrics collection.
2026-05-29T10:33:35.3642032Z Container is running.
2026-05-29T10:33:35.3751029Z State: Starting, Action: CreatingContainer, LastError: , LastErrorTimestamp: 01/01/0001 00:00:00, LastErrorDetails: , Details: Container lotlite_main successfully created and is running., DetailsLevel: INFO
2026-05-29T10:33:35.7984159Z Container start method finished after 4348 ms.
2026-05-29T10:33:35.7991247Z State: Starting, Action: InitiatingSiteWarmUpProbe, LastError: , LastErrorTimestamp: 01/01/0001 00:00:00, LastErrorDetails: , Details: Container lotlite_main successfully created and is running., DetailsLevel: INFO
2026-05-29T10:33:35.7991582Z State: Starting, Action: WaitingForSiteWarmUpProbeSuccess, LastError: , LastErrorTimestamp: 01/01/0001 00:00:00, LastErrorDetails: , Details: Pinging warmup path to ensure container is ready to receive requests., DetailsLevel: INFO
2026-05-29T10:33:41.8271037Z Site startup probe succeeded after 5.9298166 seconds.
2026-05-29T10:33:42.6267261Z State: Starting, Action: WarmUpProbeSucceeded, LastError: , LastErrorTimestamp: 01/01/0001 00:00:00, LastErrorDetails: , Details: Site startup probe succeeded after 5.9298166 seconds., DetailsLevel: INFO
2026-05-29T10:33:43.3435251Z Site started.
2026-05-29T10:33:43.3449226Z State: Started, Action: None, LastError: , LastErrorTimestamp: 01/01/0001 00:00:00, LastErrorDetails: , Details: Site started at 05/29/2026 10:33:43 (UTC), DetailsLevel: INFO
2026-05-29T10:34:03.6938428Z State: Stopping, Action: StoppingSite, LastError: , LastErrorTimestamp: 01/01/0001 00:00:00, LastErrorDetails: , Details: Site started at 05/29/2026 10:32:23 (UTC), DetailsLevel: INFO
2026-05-29T10:34:03.7622112Z State: Stopping, Action: StoppingSiteContainers, LastError: , LastErrorTimestamp: 01/01/0001 00:00:00, LastErrorDetails: , Details: Site started at 05/29/2026 10:32:23 (UTC), DetailsLevel: INFO
2026-05-29T10:34:03.7927727Z Container is terminating. Grace period: 5 seconds.
2026-05-29T10:34:03.9396324Z Stop and delete container. Retry count = 0
2026-05-29T10:34:03.9607223Z Stopping container: 99d64649495a_lotlite_main.
2026-05-29T10:34:04.5074995Z Deleting container: 99d64649495a_lotlite_main. Retry count = 0
2026-05-29T10:34:05.0851615Z Container spec TerminationMessagePolicy  path 
2026-05-29T10:34:05.0988120Z Container is terminated. Total time elapsed: 1293 ms.
2026-05-29T10:34:05.1247652Z Site: lotlite stopped.
2026-05-29T10:58:27.5426430Z State: Starting, Action: EstablishingSiteNetworks, LastError: , LastErrorTimestamp: 01/01/0001 00:00:00, LastErrorDetails: , Details: , DetailsLevel: INFO
2026-05-29T10:58:31.1363538Z State: Starting, Action: StartingSiteContainers, LastError: , LastErrorTimestamp: 01/01/0001 00:00:00, LastErrorDetails: , Details: , DetailsLevel: INFO
2026-05-29T10:58:31.1532031Z Container start method called.
2026-05-29T10:58:31.1535284Z State: Starting, Action: PullingImage, LastError: , LastErrorTimestamp: 01/01/0001 00:00:00, LastErrorDetails: , Details: Pulling image lotliteappacr.azurecr.io/lotlite-frontend:latest for lotlite_main., DetailsLevel: INFO
2026-05-29T10:58:31.1539717Z Establishing network.
2026-05-29T10:58:31.1542124Z Pulling image: lotliteappacr.azurecr.io/lotlite-frontend:latest.
2026-05-29T10:58:43.7258930Z Image lotliteappacr.azurecr.io/lotlite-frontend:latest is pulled from registry lotliteappacr.azurecr.io
2026-05-29T10:58:43.8627551Z Container is starting.
2026-05-29T10:58:43.8639792Z State: Starting, Action: MountingVolumes, LastError: , LastErrorTimestamp: 01/01/0001 00:00:00, LastErrorDetails: , Details: Mounting volumes for lotlite_main., DetailsLevel: INFO
2026-05-29T10:58:43.8641958Z Establishing user namespace if not established already.
2026-05-29T10:58:43.8649194Z Establishing network if not established already.
2026-05-29T10:58:43.8651709Z Mounting volumes.
2026-05-29T10:58:43.9510985Z Nested mountpoint volatile/logs
2026-05-29T10:58:44.0020316Z Nested mountpoint 
2026-05-29T10:58:44.0503685Z Nested mountpoint 
2026-05-29T10:58:44.3665674Z State: Starting, Action: CreatingContainer, LastError: , LastErrorTimestamp: 01/01/0001 00:00:00, LastErrorDetails: , Details: Finished pulling container image and mounting volumes for lotlite_main. Allocatinng the rest of the container resources to finish container creation., DetailsLevel: INFO
2026-05-29T10:58:44.3667608Z Creating container.
2026-05-29T10:58:44.3671322Z Creating pipes for streaming container io.
2026-05-29T10:58:44.4281587Z Creating stdout named pipe at /podr/container/pipe/7806c8a390e4_lotlite_main/stdout_ffb3c788c8e84695afab5324b9d6fcde.
2026-05-29T10:58:44.5249291Z Successfully created stdout named pipe at: /podr/container/pipe/7806c8a390e4_lotlite_main/stdout_ffb3c788c8e84695afab5324b9d6fcde.
2026-05-29T10:58:44.5251212Z Opening named pipe /podr/container/pipe/7806c8a390e4_lotlite_main/stdout_ffb3c788c8e84695afab5324b9d6fcde for reading in non-blocking mode.
2026-05-29T10:58:44.5260596Z Successfully opened named pipe: /podr/container/pipe/7806c8a390e4_lotlite_main/stdout_ffb3c788c8e84695afab5324b9d6fcde.
2026-05-29T10:58:44.5262116Z Successfully removed non-blocking flag from /podr/container/pipe/7806c8a390e4_lotlite_main/stdout_ffb3c788c8e84695afab5324b9d6fcde.
2026-05-29T10:58:44.5265954Z Creating stderr named pipe at /podr/container/pipe/7806c8a390e4_lotlite_main/stderr_04db33e0a430493d96b9404e1ab900cd.
2026-05-29T10:58:44.5368917Z Successfully created stderr named pipe at: /podr/container/pipe/7806c8a390e4_lotlite_main/stderr_04db33e0a430493d96b9404e1ab900cd.
2026-05-29T10:58:44.5370322Z Opening named pipe /podr/container/pipe/7806c8a390e4_lotlite_main/stderr_04db33e0a430493d96b9404e1ab900cd for reading in non-blocking mode.
2026-05-29T10:58:44.5371748Z Successfully opened named pipe: /podr/container/pipe/7806c8a390e4_lotlite_main/stderr_04db33e0a430493d96b9404e1ab900cd.
2026-05-29T10:58:44.5373006Z Successfully removed non-blocking flag from /podr/container/pipe/7806c8a390e4_lotlite_main/stderr_04db33e0a430493d96b9404e1ab900cd.
2026-05-29T10:58:44.5375250Z Creating container with image: lotliteappacr.azurecr.io/lotlite-frontend:latest from registry: lotliteappacr.azurecr.io and fully qualified image name: lotliteappacr.azurecr.io/lotlite-frontend:latest
2026-05-29T10:58:46.0019759Z Starting container: 7806c8a390e4_lotlite_main.
2026-05-29T10:58:46.2030408Z Starting watchers and probes.
2026-05-29T10:58:46.2135959Z Starting metrics collection.
2026-05-29T10:58:46.2145198Z Container is running.
2026-05-29T10:58:46.2146831Z State: Starting, Action: CreatingContainer, LastError: , LastErrorTimestamp: 01/01/0001 00:00:00, LastErrorDetails: , Details: Container lotlite_main successfully created and is running., DetailsLevel: INFO
2026-05-29T10:58:46.4507000Z Container start method finished after 15251 ms.
2026-05-29T10:58:46.5479094Z State: Starting, Action: InitiatingSiteWarmUpProbe, LastError: , LastErrorTimestamp: 01/01/0001 00:00:00, LastErrorDetails: , Details: Container lotlite_main successfully created and is running., DetailsLevel: INFO
2026-05-29T10:58:46.5490294Z State: Starting, Action: WaitingForSiteWarmUpProbeSuccess, LastError: , LastErrorTimestamp: 01/01/0001 00:00:00, LastErrorDetails: , Details: Pinging warmup path to ensure container is ready to receive requests., DetailsLevel: INFO
2026-05-29T10:58:52.9166560Z Site startup probe succeeded after 6.2370002 seconds.
2026-05-29T10:58:53.2803427Z State: Starting, Action: WarmUpProbeSucceeded, LastError: , LastErrorTimestamp: 01/01/0001 00:00:00, LastErrorDetails: , Details: Site startup probe succeeded after 6.2370002 seconds., DetailsLevel: INFO
2026-05-29T10:58:54.1219314Z Site started.
2026-05-29T10:58:54.1277570Z State: Started, Action: None, LastError: , LastErrorTimestamp: 01/01/0001 00:00:00, LastErrorDetails: , Details: Site started at 05/29/2026 10:58:54 (UTC), DetailsLevel: INFO
2026-05-29T10:59:14.6252410Z State: Stopping, Action: StoppingSite, LastError: , LastErrorTimestamp: 01/01/0001 00:00:00, LastErrorDetails: , Details: Site started at 05/29/2026 10:33:43 (UTC), DetailsLevel: INFO
2026-05-29T10:59:14.6307391Z State: Stopping, Action: StoppingSiteContainers, LastError: , LastErrorTimestamp: 01/01/0001 00:00:00, LastErrorDetails: , Details: Site started at 05/29/2026 10:33:43 (UTC), DetailsLevel: INFO
2026-05-29T10:59:14.6319142Z Container is terminating. Grace period: 5 seconds.
2026-05-29T10:59:14.6722637Z Stop and delete container. Retry count = 0
2026-05-29T10:59:14.6780441Z Stopping container: 3422acf3c4b1_lotlite_main.
2026-05-29T10:59:14.8846017Z Deleting container: 3422acf3c4b1_lotlite_main. Retry count = 0
2026-05-29T10:59:15.1756229Z Container spec TerminationMessagePolicy  path 
2026-05-29T10:59:15.1765627Z Container is terminated. Total time elapsed: 534 ms.
2026-05-29T10:59:15.1779292Z Site: lotlite stopped.
